  [1m[35m (0.1ms)[0m  [1m[34mSELECT sqlite_version(*)[0m
  ↳ /Users/reaualexis/.rvm/gems/ruby-2.5.1/gems/rake-12.3.1/lib/rake/task.rb:271
  [1m[35m (1.2ms)[0m  [1m[35mCREATE TABLE "schema_migrations" ("version" varchar NOT NULL PRIMARY KEY)[0m
  ↳ /Users/reaualexis/.rvm/gems/ruby-2.5.1/gems/rake-12.3.1/lib/rake/task.rb:271
  [1m[35m (1.3ms)[0m  [1m[35mCREATE TABLE "ar_internal_metadata" ("key" varchar NOT NULL PRIMARY KEY, "value" varchar, "created_at" datetime NOT NULL, "updated_at" datetime NOT NULL)[0m
  ↳ /Users/reaualexis/.rvm/gems/ruby-2.5.1/gems/rake-12.3.1/lib/rake/task.rb:271
  [1m[35m (0.2ms)[0m  [1m[34mSELECT "schema_migrations"."version" FROM "schema_migrations" ORDER BY "schema_migrations"."version" ASC[0m
  ↳ /Users/reaualexis/.rvm/gems/ruby-2.5.1/gems/rake-12.3.1/lib/rake/task.rb:271
Migrating to CreateUsers (20181024124225)
  [1m[35m (0.1ms)[0m  [1m[36mbegin transaction[0m
  ↳ /Users/reaualexis/.rvm/gems/ruby-2.5.1/gems/rake-12.3.1/lib/rake/task.rb:271
  [1m[35m (0.6ms)[0m  [1m[35mCREATE TABLE "users" ("id" integer PRIMARY KEY AUTOINCREMENT NOT NULL, "first_name" varchar, "last_name" varchar, "email" varchar, "created_at" datetime NOT NULL, "updated_at" datetime NOT NULL)[0m
  ↳ db/migrate/20181024124225_create_users.rb:3
  [1m[36mActiveRecord::SchemaMigration Create (0.3ms)[0m  [1m[32mINSERT INTO "schema_migrations" ("version") VALUES (?)[0m  [["version", "20181024124225"]]
  ↳ /Users/reaualexis/.rvm/gems/ruby-2.5.1/gems/rake-12.3.1/lib/rake/task.rb:271
  [1m[35m (1.1ms)[0m  [1m[36mcommit transaction[0m
  ↳ /Users/reaualexis/.rvm/gems/ruby-2.5.1/gems/rake-12.3.1/lib/rake/task.rb:271
  [1m[36mActiveRecord::InternalMetadata Load (0.2ms)[0m  [1m[34mSELECT  "ar_internal_metadata".* FROM "ar_internal_metadata" WHERE "ar_internal_metadata"."key" = ? LIMIT ?[0m  [["key", "environment"], ["LIMIT", 1]]
  ↳ /Users/reaualexis/.rvm/gems/ruby-2.5.1/gems/rake-12.3.1/lib/rake/task.rb:271
  [1m[35m (0.1ms)[0m  [1m[36mbegin transaction[0m
  ↳ /Users/reaualexis/.rvm/gems/ruby-2.5.1/gems/rake-12.3.1/lib/rake/task.rb:271
  [1m[36mActiveRecord::InternalMetadata Create (0.4ms)[0m  [1m[32mINSERT INTO "ar_internal_metadata" ("key", "value", "created_at", "updated_at") VALUES (?, ?, ?, ?)[0m  [["key", "environment"], ["value", "development"], ["created_at", "2018-10-24 12:44:39.314114"], ["updated_at", "2018-10-24 12:44:39.314114"]]
  ↳ /Users/reaualexis/.rvm/gems/ruby-2.5.1/gems/rake-12.3.1/lib/rake/task.rb:271
  [1m[35m (1.2ms)[0m  [1m[36mcommit transaction[0m
  ↳ /Users/reaualexis/.rvm/gems/ruby-2.5.1/gems/rake-12.3.1/lib/rake/task.rb:271
  [1m[35m (0.1ms)[0m  [1m[34mSELECT "schema_migrations"."version" FROM "schema_migrations" ORDER BY "schema_migrations"."version" ASC[0m
  ↳ /Users/reaualexis/.rvm/gems/ruby-2.5.1/gems/rake-12.3.1/lib/rake/task.rb:271
  [1m[35m (0.1ms)[0m  [1m[36mbegin transaction[0m
  [1m[36mUser Create (0.4ms)[0m  [1m[32mINSERT INTO "users" ("first_name", "last_name", "email", "created_at", "updated_at") VALUES (?, ?, ?, ?, ?)[0m  [["first_name", "Emily"], ["last_name", "Richelieu"], ["email", "emily.richelieu@gmail.com"], ["created_at", "2018-10-24 12:48:40.754416"], ["updated_at", "2018-10-24 12:48:40.754416"]]
  [1m[35m (1.3ms)[0m  [1m[36mcommit transaction[0m
  [1m[35m (0.2ms)[0m  [1m[36mbegin transaction[0m
  [1m[36mUser Destroy (0.4ms)[0m  [1m[31mDELETE FROM "users" WHERE "users"."id" = ?[0m  [["id", 1]]
  [1m[35m (1.6ms)[0m  [1m[36mcommit transaction[0m
  [1m[36mUser Load (0.3ms)[0m  [1m[34mSELECT  "users".* FROM "users" LIMIT ?[0m  [["LIMIT", 11]]
  [1m[35m (0.5ms)[0m  [1m[34mSELECT "schema_migrations"."version" FROM "schema_migrations" ORDER BY "schema_migrations"."version" ASC[0m
  ↳ /Users/reaualexis/.rvm/gems/ruby-2.5.1/gems/rake-12.3.1/lib/rake/task.rb:271
  [1m[35m (0.1ms)[0m  [1m[36mbegin transaction[0m
  ↳ db/seeds.rb:12
  [1m[36mUser Create (16.4ms)[0m  [1m[32mINSERT INTO "users" ("first_name", "last_name", "email", "created_at", "updated_at") VALUES (?, ?, ?, ?, ?)[0m  [["first_name", "Weissnat, Keebler and Stokes"], ["last_name", "Bahringer, Mayert and Pouros"], ["email", "osvaldoheller@torp.org"], ["created_at", "2018-10-24 12:59:40.264348"], ["updated_at", "2018-10-24 12:59:40.264348"]]
  ↳ db/seeds.rb:12
  [1m[35m (2.4ms)[0m  [1m[36mcommit transaction[0m
  ↳ db/seeds.rb:12
  [1m[35m (0.1ms)[0m  [1m[36mbegin transaction[0m
  ↳ db/seeds.rb:12
  [1m[36mUser Create (0.4ms)[0m  [1m[32mINSERT INTO "users" ("first_name", "last_name", "email", "created_at", "updated_at") VALUES (?, ?, ?, ?, ?)[0m  [["first_name", "Okuneva, Orn and Abernathy"], ["last_name", "Renner, Wilkinson and Fahey"], ["email", "myesha@pollich.net"], ["created_at", "2018-10-24 12:59:40.286654"], ["updated_at", "2018-10-24 12:59:40.286654"]]
  ↳ db/seeds.rb:12
  [1m[35m (1.2ms)[0m  [1m[36mcommit transaction[0m
  ↳ db/seeds.rb:12
  [1m[35m (0.1ms)[0m  [1m[34mSELECT "schema_migrations"."version" FROM "schema_migrations" ORDER BY "schema_migrations"."version" ASC[0m
  ↳ bin/rails:9
  [1m[35m (0.0ms)[0m  [1m[36mbegin transaction[0m
  ↳ db/seeds.rb:12
  [1m[36mUser Create (0.5ms)[0m  [1m[32mINSERT INTO "users" ("first_name", "last_name", "email", "created_at", "updated_at") VALUES (?, ?, ?, ?, ?)[0m  [["first_name", "Tyron"], ["last_name", "Jacobson"], ["email", "berteffertz@franeckifunk.info"], ["created_at", "2018-10-24 13:57:37.657433"], ["updated_at", "2018-10-24 13:57:37.657433"]]
  ↳ db/seeds.rb:12
  [1m[35m (17.5ms)[0m  [1m[36mcommit transaction[0m
  ↳ db/seeds.rb:12
  [1m[35m (0.0ms)[0m  [1m[36mbegin transaction[0m
  ↳ db/seeds.rb:12
  [1m[36mUser Create (0.1ms)[0m  [1m[32mINSERT INTO "users" ("first_name", "last_name", "email", "created_at", "updated_at") VALUES (?, ?, ?, ?, ?)[0m  [["first_name", "Justin"], ["last_name", "Grady"], ["email", "margeretmetz@fritschschmeler.io"], ["created_at", "2018-10-24 13:57:37.677097"], ["updated_at", "2018-10-24 13:57:37.677097"]]
  ↳ db/seeds.rb:12
  [1m[35m (13.4ms)[0m  [1m[36mcommit transaction[0m
  ↳ db/seeds.rb:12
  [1m[35m (0.1ms)[0m  [1m[36mbegin transaction[0m
  ↳ db/seeds.rb:12
  [1m[36mUser Create (0.4ms)[0m  [1m[32mINSERT INTO "users" ("first_name", "last_name", "email", "created_at", "updated_at") VALUES (?, ?, ?, ?, ?)[0m  [["first_name", "Meredith"], ["last_name", "Kreiger"], ["email", "isabellschmitt@mertzconnelly.biz"], ["created_at", "2018-10-24 13:57:37.696843"], ["updated_at", "2018-10-24 13:57:37.696843"]]
  ↳ db/seeds.rb:12
  [1m[35m (7.5ms)[0m  [1m[36mcommit transaction[0m
  ↳ db/seeds.rb:12
  [1m[35m (0.1ms)[0m  [1m[36mbegin transaction[0m
  ↳ db/seeds.rb:12
  [1m[36mUser Create (0.4ms)[0m  [1m[32mINSERT INTO "users" ("first_name", "last_name", "email", "created_at", "updated_at") VALUES (?, ?, ?, ?, ?)[0m  [["first_name", "Suzie"], ["last_name", "Brekke"], ["email", "danielleharris@zulauf.co"], ["created_at", "2018-10-24 13:57:37.708639"], ["updated_at", "2018-10-24 13:57:37.708639"]]
  ↳ db/seeds.rb:12
  [1m[35m (2.1ms)[0m  [1m[36mcommit transaction[0m
  ↳ db/seeds.rb:12
  [1m[35m (0.1ms)[0m  [1m[36mbegin transaction[0m
  ↳ db/seeds.rb:12
  [1m[36mUser Create (0.4ms)[0m  [1m[32mINSERT INTO "users" ("first_name", "last_name", "email", "created_at", "updated_at") VALUES (?, ?, ?, ?, ?)[0m  [["first_name", "Fabian"], ["last_name", "Stehr"], ["email", "charlinekerluke@rosenbaumwunsch.info"], ["created_at", "2018-10-24 13:57:37.714718"], ["updated_at", "2018-10-24 13:57:37.714718"]]
  ↳ db/seeds.rb:12
  [1m[35m (18.3ms)[0m  [1m[36mcommit transaction[0m
  ↳ db/seeds.rb:12
  [1m[35m (0.1ms)[0m  [1m[36mbegin transaction[0m
  ↳ db/seeds.rb:12
  [1m[36mUser Create (0.4ms)[0m  [1m[32mINSERT INTO "users" ("first_name", "last_name", "email", "created_at", "updated_at") VALUES (?, ?, ?, ?, ?)[0m  [["first_name", "Ethelyn"], ["last_name", "Morissette"], ["email", "daniloschiller@jacobihermiston.biz"], ["created_at", "2018-10-24 13:57:37.736876"], ["updated_at", "2018-10-24 13:57:37.736876"]]
  ↳ db/seeds.rb:12
  [1m[35m (2.2ms)[0m  [1m[36mcommit transaction[0m
  ↳ db/seeds.rb:12
  [1m[35m (0.1ms)[0m  [1m[36mbegin transaction[0m
  ↳ db/seeds.rb:12
  [1m[36mUser Create (0.4ms)[0m  [1m[32mINSERT INTO "users" ("first_name", "last_name", "email", "created_at", "updated_at") VALUES (?, ?, ?, ?, ?)[0m  [["first_name", "Wm"], ["last_name", "Labadie"], ["email", "derek@rolfsonfunk.net"], ["created_at", "2018-10-24 13:57:37.743059"], ["updated_at", "2018-10-24 13:57:37.743059"]]
  ↳ db/seeds.rb:12
  [1m[35m (26.2ms)[0m  [1m[36mcommit transaction[0m
  ↳ db/seeds.rb:12
  [1m[35m (0.0ms)[0m  [1m[36mbegin transaction[0m
  ↳ db/seeds.rb:12
  [1m[36mUser Create (0.2ms)[0m  [1m[32mINSERT INTO "users" ("first_name", "last_name", "email", "created_at", "updated_at") VALUES (?, ?, ?, ?, ?)[0m  [["first_name", "Bernardo"], ["last_name", "Bins"], ["email", "jonahgulgowski@sawayn.info"], ["created_at", "2018-10-24 13:57:37.772160"], ["updated_at", "2018-10-24 13:57:37.772160"]]
  ↳ db/seeds.rb:12
  [1m[35m (1.6ms)[0m  [1m[36mcommit transaction[0m
  ↳ db/seeds.rb:12
  [1m[35m (0.0ms)[0m  [1m[36mbegin transaction[0m
  ↳ db/seeds.rb:12
  [1m[36mUser Create (0.1ms)[0m  [1m[32mINSERT INTO "users" ("first_name", "last_name", "email", "created_at", "updated_at") VALUES (?, ?, ?, ?, ?)[0m  [["first_name", "Freddie"], ["last_name", "Schiller"], ["email", "ellispfeffer@veumsteuber.io"], ["created_at", "2018-10-24 13:57:37.775359"], ["updated_at", "2018-10-24 13:57:37.775359"]]
  ↳ db/seeds.rb:12
  [1m[35m (17.4ms)[0m  [1m[36mcommit transaction[0m
  ↳ db/seeds.rb:12
  [1m[36mUser Load (0.3ms)[0m  [1m[34mSELECT  "users".* FROM "users" LIMIT ?[0m  [["LIMIT", 11]]
  [1m[35m (0.1ms)[0m  [1m[34mSELECT "schema_migrations"."version" FROM "schema_migrations" ORDER BY "schema_migrations"."version" ASC[0m
  ↳ bin/rails:9
  [1m[35m (0.1ms)[0m  [1m[34mSELECT "schema_migrations"."version" FROM "schema_migrations" ORDER BY "schema_migrations"."version" ASC[0m
  ↳ bin/rails:9
Migrating to CreateArticles (20181024140014)
  [1m[35m (0.0ms)[0m  [1m[36mbegin transaction[0m
  ↳ bin/rails:9
  [1m[35m (0.1ms)[0m  [1m[34mSELECT sqlite_version(*)[0m
  ↳ db/migrate/20181024140014_create_articles.rb:3
  [1m[35m (0.2ms)[0m  [1m[35mCREATE TABLE "articles" ("id" integer PRIMARY KEY AUTOINCREMENT NOT NULL, "title" varchar, "content" text, "created_at" datetime NOT NULL, "updated_at" datetime NOT NULL)[0m
  ↳ db/migrate/20181024140014_create_articles.rb:3
  [1m[36mActiveRecord::SchemaMigration Create (0.1ms)[0m  [1m[32mINSERT INTO "schema_migrations" ("version") VALUES (?)[0m  [["version", "20181024140014"]]
  ↳ bin/rails:9
  [1m[35m (13.7ms)[0m  [1m[36mcommit transaction[0m
  ↳ bin/rails:9
  [1m[36mActiveRecord::InternalMetadata Load (0.1ms)[0m  [1m[34mSELECT  "ar_internal_metadata".* FROM "ar_internal_metadata" WHERE "ar_internal_metadata"."key" = ? LIMIT ?[0m  [["key", "environment"], ["LIMIT", 1]]
  ↳ bin/rails:9
  [1m[35m (0.0ms)[0m  [1m[36mbegin transaction[0m
  ↳ bin/rails:9
  [1m[35m (0.0ms)[0m  [1m[36mcommit transaction[0m
  ↳ bin/rails:9
  [1m[35m (0.1ms)[0m  [1m[34mSELECT "schema_migrations"."version" FROM "schema_migrations" ORDER BY "schema_migrations"."version" ASC[0m
  ↳ bin/rails:9
  [1m[35m (0.1ms)[0m  [1m[34mSELECT "schema_migrations"."version" FROM "schema_migrations" ORDER BY "schema_migrations"."version" ASC[0m
  ↳ bin/rails:9
  [1m[35m (0.1ms)[0m  [1m[34mSELECT "schema_migrations"."version" FROM "schema_migrations" ORDER BY "schema_migrations"."version" ASC[0m
  ↳ bin/rails:9
Migrating to AddIndexToArticle (20181024140349)
  [1m[35m (0.0ms)[0m  [1m[36mbegin transaction[0m
  ↳ bin/rails:9
  [1m[35m (0.2ms)[0m  [1m[35mALTER TABLE "articles" ADD "user_id" integer[0m
  ↳ db/migrate/20181024140349_add_index_to_article.rb:3
  [1m[35m (0.1ms)[0m  [1m[34mSELECT sqlite_version(*)[0m
  ↳ db/migrate/20181024140349_add_index_to_article.rb:3
  [1m[35m (0.1ms)[0m  [1m[35mCREATE  INDEX "index_articles_on_user_id" ON "articles" ("user_id")[0m
  ↳ db/migrate/20181024140349_add_index_to_article.rb:3
  [1m[36mActiveRecord::SchemaMigration Create (0.1ms)[0m  [1m[32mINSERT INTO "schema_migrations" ("version") VALUES (?)[0m  [["version", "20181024140349"]]
  ↳ bin/rails:9
  [1m[35m (3.5ms)[0m  [1m[36mcommit transaction[0m
  ↳ bin/rails:9
  [1m[36mActiveRecord::InternalMetadata Load (0.1ms)[0m  [1m[34mSELECT  "ar_internal_metadata".* FROM "ar_internal_metadata" WHERE "ar_internal_metadata"."key" = ? LIMIT ?[0m  [["key", "environment"], ["LIMIT", 1]]
  ↳ bin/rails:9
  [1m[35m (0.0ms)[0m  [1m[36mbegin transaction[0m
  ↳ bin/rails:9
  [1m[35m (0.0ms)[0m  [1m[36mcommit transaction[0m
  ↳ bin/rails:9
  [1m[35m (0.1ms)[0m  [1m[34mSELECT "schema_migrations"."version" FROM "schema_migrations" ORDER BY "schema_migrations"."version" ASC[0m
  ↳ bin/rails:9
  [1m[35m (0.0ms)[0m  [1m[36mbegin transaction[0m
  [1m[36mUser Load (0.1ms)[0m  [1m[34mSELECT  "users".* FROM "users" WHERE "users"."id" = ? LIMIT ?[0m  [["id", 5], ["LIMIT", 1]]
  [1m[36mArticle Create (0.2ms)[0m  [1m[32mINSERT INTO "articles" ("title", "content", "created_at", "updated_at", "user_id") VALUES (?, ?, ?, ?, ?)[0m  [["title", "Licorne"], ["content", "Les plus belles"], ["created_at", "2018-10-24 14:06:58.979005"], ["updated_at", "2018-10-24 14:06:58.979005"], ["user_id", 5]]
  [1m[35m (7.4ms)[0m  [1m[36mcommit transaction[0m
  [1m[35m (0.1ms)[0m  [1m[36mbegin transaction[0m
  [1m[36mArticle Destroy (0.4ms)[0m  [1m[31mDELETE FROM "articles" WHERE "articles"."id" = ?[0m  [["id", 1]]
  [1m[35m (3.6ms)[0m  [1m[36mcommit transaction[0m
  [1m[36mArticle Load (0.3ms)[0m  [1m[34mSELECT  "articles".* FROM "articles" LIMIT ?[0m  [["LIMIT", 11]]
  [1m[36mUser Load (0.4ms)[0m  [1m[34mSELECT  "users".* FROM "users" ORDER BY "users"."id" ASC LIMIT ?[0m  [["LIMIT", 1]]
  [1m[35m (0.1ms)[0m  [1m[36mbegin transaction[0m
  [1m[35m (0.1ms)[0m  [1m[36mcommit transaction[0m
  [1m[35m (0.1ms)[0m  [1m[36mbegin transaction[0m
  [1m[35m (0.1ms)[0m  [1m[36mcommit transaction[0m
  [1m[36mArticle Load (0.2ms)[0m  [1m[34mSELECT  "articles".* FROM "articles" LIMIT ?[0m  [["LIMIT", 11]]
  [1m[35m (0.1ms)[0m  [1m[34mSELECT "schema_migrations"."version" FROM "schema_migrations" ORDER BY "schema_migrations"."version" ASC[0m
  ↳ bin/rails:9
Migrating to CreateCategories (20181024141902)
  [1m[35m (3.8ms)[0m  [1m[36mbegin transaction[0m
  ↳ bin/rails:9
  [1m[35m (0.1ms)[0m  [1m[34mSELECT sqlite_version(*)[0m
  ↳ db/migrate/20181024141902_create_categories.rb:3
  [1m[35m (0.2ms)[0m  [1m[35mCREATE TABLE "categories" ("id" integer PRIMARY KEY AUTOINCREMENT NOT NULL, "name" varchar, "created_at" datetime NOT NULL, "updated_at" datetime NOT NULL)[0m
  ↳ db/migrate/20181024141902_create_categories.rb:3
  [1m[36mActiveRecord::SchemaMigration Create (0.1ms)[0m  [1m[32mINSERT INTO "schema_migrations" ("version") VALUES (?)[0m  [["version", "20181024141902"]]
  ↳ bin/rails:9
  [1m[35m (8.7ms)[0m  [1m[36mcommit transaction[0m
  ↳ bin/rails:9
  [1m[36mActiveRecord::InternalMetadata Load (0.1ms)[0m  [1m[34mSELECT  "ar_internal_metadata".* FROM "ar_internal_metadata" WHERE "ar_internal_metadata"."key" = ? LIMIT ?[0m  [["key", "environment"], ["LIMIT", 1]]
  ↳ bin/rails:9
  [1m[35m (0.0ms)[0m  [1m[36mbegin transaction[0m
  ↳ bin/rails:9
  [1m[35m (0.0ms)[0m  [1m[36mcommit transaction[0m
  ↳ bin/rails:9
  [1m[35m (0.1ms)[0m  [1m[34mSELECT "schema_migrations"."version" FROM "schema_migrations" ORDER BY "schema_migrations"."version" ASC[0m
  ↳ bin/rails:9
  [1m[35m (0.1ms)[0m  [1m[34mSELECT "schema_migrations"."version" FROM "schema_migrations" ORDER BY "schema_migrations"."version" ASC[0m
  ↳ bin/rails:9
Migrating to AddIndexToArticle (20181024142356)
  [1m[35m (0.1ms)[0m  [1m[34mSELECT "schema_migrations"."version" FROM "schema_migrations" ORDER BY "schema_migrations"."version" ASC[0m
  ↳ bin/rails:9
Migrating to AddIndexToArticle (20181024142356)
  [1m[35m (0.0ms)[0m  [1m[36mbegin transaction[0m
  ↳ bin/rails:9
  [1m[35m (0.3ms)[0m  [1m[35mALTER TABLE "articles" ADD "user_id" integer[0m
  ↳ db/migrate/20181024142356_add_index_to_article.rb:3
  [1m[35m (0.0ms)[0m  [1m[31mrollback transaction[0m
  ↳ bin/rails:9
  [1m[35m (0.1ms)[0m  [1m[34mSELECT "schema_migrations"."version" FROM "schema_migrations" ORDER BY "schema_migrations"."version" ASC[0m
  ↳ bin/rails:9
Migrating to AddIndexToArticle (20181024142356)
  [1m[35m (0.1ms)[0m  [1m[36mbegin transaction[0m
  ↳ bin/rails:9
  [1m[35m (0.3ms)[0m  [1m[35mALTER TABLE "articles" ADD "categorie_id" integer[0m
  ↳ db/migrate/20181024142356_add_index_to_article.rb:3
  [1m[35m (0.1ms)[0m  [1m[34mSELECT sqlite_version(*)[0m
  ↳ db/migrate/20181024142356_add_index_to_article.rb:3
  [1m[35m (0.1ms)[0m  [1m[35mCREATE  INDEX "index_articles_on_categorie_id" ON "articles" ("categorie_id")[0m
  ↳ db/migrate/20181024142356_add_index_to_article.rb:3
  [1m[36mActiveRecord::SchemaMigration Create (0.1ms)[0m  [1m[32mINSERT INTO "schema_migrations" ("version") VALUES (?)[0m  [["version", "20181024142356"]]
  ↳ bin/rails:9
  [1m[35m (2.0ms)[0m  [1m[36mcommit transaction[0m
  ↳ bin/rails:9
  [1m[36mActiveRecord::InternalMetadata Load (0.1ms)[0m  [1m[34mSELECT  "ar_internal_metadata".* FROM "ar_internal_metadata" WHERE "ar_internal_metadata"."key" = ? LIMIT ?[0m  [["key", "environment"], ["LIMIT", 1]]
  ↳ bin/rails:9
  [1m[35m (0.0ms)[0m  [1m[36mbegin transaction[0m
  ↳ bin/rails:9
  [1m[35m (0.0ms)[0m  [1m[36mcommit transaction[0m
  ↳ bin/rails:9
  [1m[35m (0.1ms)[0m  [1m[34mSELECT "schema_migrations"."version" FROM "schema_migrations" ORDER BY "schema_migrations"."version" ASC[0m
  ↳ bin/rails:9
  [1m[35m (0.1ms)[0m  [1m[34mSELECT "schema_migrations"."version" FROM "schema_migrations" ORDER BY "schema_migrations"."version" ASC[0m
  ↳ bin/rails:9
  [1m[35m (0.1ms)[0m  [1m[34mSELECT "schema_migrations"."version" FROM "schema_migrations" ORDER BY "schema_migrations"."version" ASC[0m
  ↳ bin/rails:9
  [1m[35m (0.0ms)[0m  [1m[36mbegin transaction[0m
  ↳ db/seeds.rb:16
  [1m[35m (0.0ms)[0m  [1m[31mrollback transaction[0m
  ↳ db/seeds.rb:16
  [1m[35m (0.1ms)[0m  [1m[34mSELECT "schema_migrations"."version" FROM "schema_migrations" ORDER BY "schema_migrations"."version" ASC[0m
  ↳ bin/rails:9
  [1m[35m (0.0ms)[0m  [1m[36mbegin transaction[0m
  ↳ db/seeds.rb:16
  [1m[36mUser Load (0.1ms)[0m  [1m[34mSELECT  "users".* FROM "users" WHERE "users"."id" = ? LIMIT ?[0m  [["id", 4], ["LIMIT", 1]]
  ↳ db/seeds.rb:16
  [1m[36mCategorie Load (0.1ms)[0m  [1m[34mSELECT  "categories".* FROM "categories" WHERE "categories"."id" = ? LIMIT ?[0m  [["id", 2], ["LIMIT", 1]]
  ↳ db/seeds.rb:16
  [1m[35m (0.0ms)[0m  [1m[31mrollback transaction[0m
  ↳ db/seeds.rb:16
  [1m[35m (0.1ms)[0m  [1m[34mSELECT "schema_migrations"."version" FROM "schema_migrations" ORDER BY "schema_migrations"."version" ASC[0m
  ↳ bin/rails:9
  [1m[35m (0.0ms)[0m  [1m[36mbegin transaction[0m
  ↳ db/seeds.rb:16
  [1m[36mCategorie Create (0.2ms)[0m  [1m[32mINSERT INTO "categories" ("name", "created_at", "updated_at") VALUES (?, ?, ?)[0m  [["name", "Realistic fiction"], ["created_at", "2018-10-24 14:38:24.797946"], ["updated_at", "2018-10-24 14:38:24.797946"]]
  ↳ db/seeds.rb:16
  [1m[35m (4.6ms)[0m  [1m[36mcommit transaction[0m
  ↳ db/seeds.rb:16
  [1m[35m (0.0ms)[0m  [1m[36mbegin transaction[0m
  ↳ db/seeds.rb:16
  [1m[36mCategorie Create (0.1ms)[0m  [1m[32mINSERT INTO "categories" ("name", "created_at", "updated_at") VALUES (?, ?, ?)[0m  [["name", "Essay"], ["created_at", "2018-10-24 14:38:24.803998"], ["updated_at", "2018-10-24 14:38:24.803998"]]
  ↳ db/seeds.rb:16
  [1m[35m (17.3ms)[0m  [1m[36mcommit transaction[0m
  ↳ db/seeds.rb:16
  [1m[35m (0.1ms)[0m  [1m[36mbegin transaction[0m
  ↳ db/seeds.rb:16
  [1m[36mCategorie Create (0.3ms)[0m  [1m[32mINSERT INTO "categories" ("name", "created_at", "updated_at") VALUES (?, ?, ?)[0m  [["name", "Essay"], ["created_at", "2018-10-24 14:38:24.823505"], ["updated_at", "2018-10-24 14:38:24.823505"]]
  ↳ db/seeds.rb:16
  [1m[35m (6.9ms)[0m  [1m[36mcommit transaction[0m
  ↳ db/seeds.rb:16
  [1m[35m (0.1ms)[0m  [1m[36mbegin transaction[0m
  ↳ db/seeds.rb:16
  [1m[36mCategorie Create (0.2ms)[0m  [1m[32mINSERT INTO "categories" ("name", "created_at", "updated_at") VALUES (?, ?, ?)[0m  [["name", "Biography/Autobiography"], ["created_at", "2018-10-24 14:38:24.832664"], ["updated_at", "2018-10-24 14:38:24.832664"]]
  ↳ db/seeds.rb:16
  [1m[35m (6.8ms)[0m  [1m[36mcommit transaction[0m
  ↳ db/seeds.rb:16
  [1m[35m (0.1ms)[0m  [1m[36mbegin transaction[0m
  ↳ db/seeds.rb:20
  [1m[36mUser Load (0.1ms)[0m  [1m[34mSELECT  "users".* FROM "users" WHERE "users"."id" = ? LIMIT ?[0m  [["id", 4], ["LIMIT", 1]]
  ↳ db/seeds.rb:20
  [1m[36mCategorie Load (0.1ms)[0m  [1m[34mSELECT  "categories".* FROM "categories" WHERE "categories"."id" = ? LIMIT ?[0m  [["id", 2], ["LIMIT", 1]]
  ↳ db/seeds.rb:20
  [1m[36mArticle Create (0.2ms)[0m  [1m[32mINSERT INTO "articles" ("title", "content", "created_at", "updated_at", "user_id", "categorie_id") VALUES (?, ?, ?, ?, ?, ?)[0m  [["title", "To Sail Beyond the Sunset"], ["content", "My vocabulary did this to me. Your love will let you go on…"], ["created_at", "2018-10-24 14:38:24.876655"], ["updated_at", "2018-10-24 14:38:24.876655"], ["user_id", 4], ["categorie_id", 2]]
  ↳ db/seeds.rb:20
  [1m[35m (11.6ms)[0m  [1m[36mcommit transaction[0m
  ↳ db/seeds.rb:20
  [1m[35m (0.1ms)[0m  [1m[36mbegin transaction[0m
  ↳ db/seeds.rb:20
  [1m[36mUser Load (0.1ms)[0m  [1m[34mSELECT  "users".* FROM "users" WHERE "users"."id" = ? LIMIT ?[0m  [["id", 4], ["LIMIT", 1]]
  ↳ db/seeds.rb:20
  [1m[36mCategorie Load (0.1ms)[0m  [1m[34mSELECT  "categories".* FROM "categories" WHERE "categories"."id" = ? LIMIT ?[0m  [["id", 2], ["LIMIT", 1]]
  ↳ db/seeds.rb:20
  [1m[36mArticle Create (0.3ms)[0m  [1m[32mINSERT INTO "articles" ("title", "content", "created_at", "updated_at", "user_id", "categorie_id") VALUES (?, ?, ?, ?, ?, ?)[0m  [["title", "No Country for Old Men"], ["content", "I don't know."], ["created_at", "2018-10-24 14:38:24.892180"], ["updated_at", "2018-10-24 14:38:24.892180"], ["user_id", 4], ["categorie_id", 2]]
  ↳ db/seeds.rb:20
  [1m[35m (1.6ms)[0m  [1m[36mcommit transaction[0m
  ↳ db/seeds.rb:20
  [1m[35m (0.1ms)[0m  [1m[36mbegin transaction[0m
  ↳ db/seeds.rb:20
  [1m[36mUser Load (0.1ms)[0m  [1m[34mSELECT  "users".* FROM "users" WHERE "users"."id" = ? LIMIT ?[0m  [["id", 4], ["LIMIT", 1]]
  ↳ db/seeds.rb:20
  [1m[36mCategorie Load (0.1ms)[0m  [1m[34mSELECT  "categories".* FROM "categories" WHERE "categories"."id" = ? LIMIT ?[0m  [["id", 2], ["LIMIT", 1]]
  ↳ db/seeds.rb:20
  [1m[36mArticle Create (0.3ms)[0m  [1m[32mINSERT INTO "articles" ("title", "content", "created_at", "updated_at", "user_id", "categorie_id") VALUES (?, ?, ?, ?, ?, ?)[0m  [["title", "A Confederacy of Dunces"], ["content", "I'll be in Hell before you start breakfast! Let her rip!"], ["created_at", "2018-10-24 14:38:24.897671"], ["updated_at", "2018-10-24 14:38:24.897671"], ["user_id", 4], ["categorie_id", 2]]
  ↳ db/seeds.rb:20
  [1m[35m (22.2ms)[0m  [1m[36mcommit transaction[0m
  ↳ db/seeds.rb:20
  [1m[35m (0.1ms)[0m  [1m[36mbegin transaction[0m
  ↳ db/seeds.rb:20
  [1m[36mUser Load (0.1ms)[0m  [1m[34mSELECT  "users".* FROM "users" WHERE "users"."id" = ? LIMIT ?[0m  [["id", 4], ["LIMIT", 1]]
  ↳ db/seeds.rb:20
  [1m[36mCategorie Load (0.1ms)[0m  [1m[34mSELECT  "categories".* FROM "categories" WHERE "categories"."id" = ? LIMIT ?[0m  [["id", 2], ["LIMIT", 1]]
  ↳ db/seeds.rb:20
  [1m[36mArticle Create (0.2ms)[0m  [1m[32mINSERT INTO "articles" ("title", "content", "created_at", "updated_at", "user_id", "categorie_id") VALUES (?, ?, ?, ?, ?, ?)[0m  [["title", "Time To Murder And Create"], ["content", "That's good. Go on, read some more."], ["created_at", "2018-10-24 14:38:24.923339"], ["updated_at", "2018-10-24 14:38:24.923339"], ["user_id", 4], ["categorie_id", 2]]
  ↳ db/seeds.rb:20
  [1m[35m (1.6ms)[0m  [1m[36mcommit transaction[0m
  ↳ db/seeds.rb:20
  [1m[35m (0.0ms)[0m  [1m[36mbegin transaction[0m
  ↳ db/seeds.rb:20
  [1m[36mUser Load (0.1ms)[0m  [1m[34mSELECT  "users".* FROM "users" WHERE "users"."id" = ? LIMIT ?[0m  [["id", 4], ["LIMIT", 1]]
  ↳ db/seeds.rb:20
  [1m[36mCategorie Load (0.1ms)[0m  [1m[34mSELECT  "categories".* FROM "categories" WHERE "categories"."id" = ? LIMIT ?[0m  [["id", 2], ["LIMIT", 1]]
  ↳ db/seeds.rb:20
  [1m[36mArticle Create (0.2ms)[0m  [1m[32mINSERT INTO "articles" ("title", "content", "created_at", "updated_at", "user_id", "categorie_id") VALUES (?, ?, ?, ?, ?, ?)[0m  [["title", "A Scanner Darkly"], ["content", "You can get anything you want at Alice's restaurant."], ["created_at", "2018-10-24 14:38:24.928123"], ["updated_at", "2018-10-24 14:38:24.928123"], ["user_id", 4], ["categorie_id", 2]]
  ↳ db/seeds.rb:20
  [1m[35m (12.4ms)[0m  [1m[36mcommit transaction[0m
  ↳ db/seeds.rb:20
  [1m[35m (0.1ms)[0m  [1m[36mbegin transaction[0m
  ↳ db/seeds.rb:20
  [1m[36mUser Load (0.2ms)[0m  [1m[34mSELECT  "users".* FROM "users" WHERE "users"."id" = ? LIMIT ?[0m  [["id", 4], ["LIMIT", 1]]
  ↳ db/seeds.rb:20
  [1m[36mCategorie Load (0.1ms)[0m  [1m[34mSELECT  "categories".* FROM "categories" WHERE "categories"."id" = ? LIMIT ?[0m  [["id", 2], ["LIMIT", 1]]
  ↳ db/seeds.rb:20
  [1m[36mArticle Create (0.5ms)[0m  [1m[32mINSERT INTO "articles" ("title", "content", "created_at", "updated_at", "user_id", "categorie_id") VALUES (?, ?, ?, ?, ?, ?)[0m  [["title", "The Soldier's Art"], ["content", "I love you."], ["created_at", "2018-10-24 14:38:24.946918"], ["updated_at", "2018-10-24 14:38:24.946918"], ["user_id", 4], ["categorie_id", 2]]
  ↳ db/seeds.rb:20
  [1m[35m (7.3ms)[0m  [1m[36mcommit transaction[0m
  ↳ db/seeds.rb:20
  [1m[35m (0.1ms)[0m  [1m[36mbegin transaction[0m
  ↳ db/seeds.rb:20
  [1m[36mUser Load (0.2ms)[0m  [1m[34mSELECT  "users".* FROM "users" WHERE "users"."id" = ? LIMIT ?[0m  [["id", 4], ["LIMIT", 1]]
  ↳ db/seeds.rb:20
  [1m[36mCategorie Load (0.1ms)[0m  [1m[34mSELECT  "categories".* FROM "categories" WHERE "categories"."id" = ? LIMIT ?[0m  [["id", 2], ["LIMIT", 1]]
  ↳ db/seeds.rb:20
  [1m[36mArticle Create (0.5ms)[0m  [1m[32mINSERT INTO "articles" ("title", "content", "created_at", "updated_at", "user_id", "categorie_id") VALUES (?, ?, ?, ?, ?, ?)[0m  [["title", "Consider Phlebas"], ["content", "I went the distance."], ["created_at", "2018-10-24 14:38:24.961558"], ["updated_at", "2018-10-24 14:38:24.961558"], ["user_id", 4], ["categorie_id", 2]]
  ↳ db/seeds.rb:20
  [1m[35m (2.1ms)[0m  [1m[36mcommit transaction[0m
  ↳ db/seeds.rb:20
  [1m[35m (0.1ms)[0m  [1m[36mbegin transaction[0m
  ↳ db/seeds.rb:20
  [1m[36mUser Load (0.2ms)[0m  [1m[34mSELECT  "users".* FROM "users" WHERE "users"."id" = ? LIMIT ?[0m  [["id", 4], ["LIMIT", 1]]
  ↳ db/seeds.rb:20
  [1m[36mCategorie Load (0.1ms)[0m  [1m[34mSELECT  "categories".* FROM "categories" WHERE "categories"."id" = ? LIMIT ?[0m  [["id", 2], ["LIMIT", 1]]
  ↳ db/seeds.rb:20
  [1m[36mArticle Create (0.5ms)[0m  [1m[32mINSERT INTO "articles" ("title", "content", "created_at", "updated_at", "user_id", "categorie_id") VALUES (?, ?, ?, ?, ?, ?)[0m  [["title", "That Hideous Strength"], ["content", "I don't know."], ["created_at", "2018-10-24 14:38:24.970659"], ["updated_at", "2018-10-24 14:38:24.970659"], ["user_id", 4], ["categorie_id", 2]]
  ↳ db/seeds.rb:20
  [1m[35m (17.8ms)[0m  [1m[36mcommit transaction[0m
  ↳ db/seeds.rb:20
  [1m[35m (0.1ms)[0m  [1m[36mbegin transaction[0m
  ↳ db/seeds.rb:20
  [1m[36mUser Load (0.2ms)[0m  [1m[34mSELECT  "users".* FROM "users" WHERE "users"."id" = ? LIMIT ?[0m  [["id", 4], ["LIMIT", 1]]
  ↳ db/seeds.rb:20
  [1m[36mCategorie Load (0.1ms)[0m  [1m[34mSELECT  "categories".* FROM "categories" WHERE "categories"."id" = ? LIMIT ?[0m  [["id", 2], ["LIMIT", 1]]
  ↳ db/seeds.rb:20
  [1m[36mArticle Create (0.5ms)[0m  [1m[32mINSERT INTO "articles" ("title", "content", "created_at", "updated_at", "user_id", "categorie_id") VALUES (?, ?, ?, ?, ?, ?)[0m  [["title", "The Heart Is a Lonely Hunter"], ["content", "No comment."], ["created_at", "2018-10-24 14:38:24.995190"], ["updated_at", "2018-10-24 14:38:24.995190"], ["user_id", 4], ["categorie_id", 2]]
  ↳ db/seeds.rb:20
  [1m[35m (2.5ms)[0m  [1m[36mcommit transaction[0m
  ↳ db/seeds.rb:20
  [1m[36mArticle Load (0.4ms)[0m  [1m[34mSELECT  "articles".* FROM "articles" LIMIT ?[0m  [["LIMIT", 11]]
  [1m[35m (0.1ms)[0m  [1m[34mSELECT "schema_migrations"."version" FROM "schema_migrations" ORDER BY "schema_migrations"."version" ASC[0m
  ↳ bin/rails:9
Migrating to CreateComments (20181024144242)
  [1m[35m (0.1ms)[0m  [1m[36mbegin transaction[0m
  ↳ bin/rails:9
  [1m[35m (0.1ms)[0m  [1m[34mSELECT sqlite_version(*)[0m
  ↳ db/migrate/20181024144242_create_comments.rb:3
  [1m[35m (0.3ms)[0m  [1m[35mCREATE TABLE "comments" ("id" integer PRIMARY KEY AUTOINCREMENT NOT NULL, "content" text, "created_at" datetime NOT NULL, "updated_at" datetime NOT NULL)[0m
  ↳ db/migrate/20181024144242_create_comments.rb:3
  [1m[36mActiveRecord::SchemaMigration Create (0.1ms)[0m  [1m[32mINSERT INTO "schema_migrations" ("version") VALUES (?)[0m  [["version", "20181024144242"]]
  ↳ bin/rails:9
  [1m[35m (9.9ms)[0m  [1m[36mcommit transaction[0m
  ↳ bin/rails:9
  [1m[36mActiveRecord::InternalMetadata Load (0.1ms)[0m  [1m[34mSELECT  "ar_internal_metadata".* FROM "ar_internal_metadata" WHERE "ar_internal_metadata"."key" = ? LIMIT ?[0m  [["key", "environment"], ["LIMIT", 1]]
  ↳ bin/rails:9
  [1m[35m (0.0ms)[0m  [1m[36mbegin transaction[0m
  ↳ bin/rails:9
  [1m[35m (0.0ms)[0m  [1m[36mcommit transaction[0m
  ↳ bin/rails:9
  [1m[35m (0.1ms)[0m  [1m[34mSELECT "schema_migrations"."version" FROM "schema_migrations" ORDER BY "schema_migrations"."version" ASC[0m
  ↳ bin/rails:9
  [1m[35m (0.1ms)[0m  [1m[34mSELECT "schema_migrations"."version" FROM "schema_migrations" ORDER BY "schema_migrations"."version" ASC[0m
  ↳ bin/rails:9
Migrating to AddIndexToComment (20181024144520)
  [1m[35m (0.0ms)[0m  [1m[36mbegin transaction[0m
  ↳ bin/rails:9
  [1m[35m (0.2ms)[0m  [1m[35mALTER TABLE "comments" ADD "user_id" integer[0m
  ↳ db/migrate/20181024144520_add_index_to_comment.rb:3
  [1m[35m (3.7ms)[0m  [1m[34mSELECT sqlite_version(*)[0m
  ↳ db/migrate/20181024144520_add_index_to_comment.rb:3
  [1m[35m (0.1ms)[0m  [1m[35mCREATE  INDEX "index_comments_on_user_id" ON "comments" ("user_id")[0m
  ↳ db/migrate/20181024144520_add_index_to_comment.rb:3
  [1m[35m (0.1ms)[0m  [1m[35mALTER TABLE "comments" ADD "article_id" integer[0m
  ↳ db/migrate/20181024144520_add_index_to_comment.rb:4
  [1m[35m (0.1ms)[0m  [1m[35mCREATE  INDEX "index_comments_on_article_id" ON "comments" ("article_id")[0m
  ↳ db/migrate/20181024144520_add_index_to_comment.rb:4
  [1m[36mActiveRecord::SchemaMigration Create (0.1ms)[0m  [1m[32mINSERT INTO "schema_migrations" ("version") VALUES (?)[0m  [["version", "20181024144520"]]
  ↳ bin/rails:9
  [1m[35m (3.2ms)[0m  [1m[36mcommit transaction[0m
  ↳ bin/rails:9
  [1m[36mActiveRecord::InternalMetadata Load (0.1ms)[0m  [1m[34mSELECT  "ar_internal_metadata".* FROM "ar_internal_metadata" WHERE "ar_internal_metadata"."key" = ? LIMIT ?[0m  [["key", "environment"], ["LIMIT", 1]]
  ↳ bin/rails:9
  [1m[35m (0.0ms)[0m  [1m[36mbegin transaction[0m
  ↳ bin/rails:9
  [1m[35m (0.0ms)[0m  [1m[36mcommit transaction[0m
  ↳ bin/rails:9
  [1m[35m (0.1ms)[0m  [1m[34mSELECT "schema_migrations"."version" FROM "schema_migrations" ORDER BY "schema_migrations"."version" ASC[0m
  ↳ bin/rails:9
  [1m[35m (0.1ms)[0m  [1m[34mSELECT "schema_migrations"."version" FROM "schema_migrations" ORDER BY "schema_migrations"."version" ASC[0m
  ↳ bin/rails:9
  [1m[35m (0.1ms)[0m  [1m[34mSELECT "schema_migrations"."version" FROM "schema_migrations" ORDER BY "schema_migrations"."version" ASC[0m
  ↳ bin/rails:9
  [1m[35m (0.1ms)[0m  [1m[34mSELECT "schema_migrations"."version" FROM "schema_migrations" ORDER BY "schema_migrations"."version" ASC[0m
  ↳ bin/rails:9
  [1m[35m (0.1ms)[0m  [1m[34mSELECT "schema_migrations"."version" FROM "schema_migrations" ORDER BY "schema_migrations"."version" ASC[0m
  ↳ bin/rails:9
  [1m[35m (0.1ms)[0m  [1m[34mSELECT "schema_migrations"."version" FROM "schema_migrations" ORDER BY "schema_migrations"."version" ASC[0m
  ↳ bin/rails:9
  [1m[35m (0.0ms)[0m  [1m[36mbegin transaction[0m
  ↳ db/seeds.rb:24
  [1m[35m (0.0ms)[0m  [1m[31mrollback transaction[0m
  ↳ db/seeds.rb:24
  [1m[35m (0.1ms)[0m  [1m[34mSELECT "schema_migrations"."version" FROM "schema_migrations" ORDER BY "schema_migrations"."version" ASC[0m
  ↳ bin/rails:9
  [1m[35m (0.0ms)[0m  [1m[36mbegin transaction[0m
  ↳ db/seeds.rb:24
  [1m[35m (0.0ms)[0m  [1m[31mrollback transaction[0m
  ↳ db/seeds.rb:24
  [1m[35m (0.1ms)[0m  [1m[34mSELECT "schema_migrations"."version" FROM "schema_migrations" ORDER BY "schema_migrations"."version" ASC[0m
  ↳ bin/rails:9
  [1m[35m (0.0ms)[0m  [1m[36mbegin transaction[0m
  ↳ db/seeds.rb:24
  [1m[36mUser Load (0.1ms)[0m  [1m[34mSELECT  "users".* FROM "users" WHERE "users"."id" = ? LIMIT ?[0m  [["id", 4], ["LIMIT", 1]]
  ↳ db/seeds.rb:24
  [1m[36mArticle Load (0.1ms)[0m  [1m[34mSELECT  "articles".* FROM "articles" WHERE "articles"."id" = ? LIMIT ?[0m  [["id", 2], ["LIMIT", 1]]
  ↳ db/seeds.rb:24
  [1m[36mComment Create (0.2ms)[0m  [1m[32mINSERT INTO "comments" ("content", "created_at", "updated_at", "user_id", "article_id") VALUES (?, ?, ?, ?, ?)[0m  [["content", "There is nothing like looking, if you want to find something. You certainly usually find something, if you look, but it is not always quite the something you were after."], ["created_at", "2018-10-24 14:58:56.939652"], ["updated_at", "2018-10-24 14:58:56.939652"], ["user_id", 4], ["article_id", 2]]
  ↳ db/seeds.rb:24
  [1m[35m (2.9ms)[0m  [1m[36mcommit transaction[0m
  ↳ db/seeds.rb:24
  [1m[35m (0.0ms)[0m  [1m[36mbegin transaction[0m
  ↳ db/seeds.rb:24
  [1m[36mUser Load (0.1ms)[0m  [1m[34mSELECT  "users".* FROM "users" WHERE "users"."id" = ? LIMIT ?[0m  [["id", 4], ["LIMIT", 1]]
  ↳ db/seeds.rb:24
  [1m[36mArticle Load (0.0ms)[0m  [1m[34mSELECT  "articles".* FROM "articles" WHERE "articles"."id" = ? LIMIT ?[0m  [["id", 2], ["LIMIT", 1]]
  ↳ db/seeds.rb:24
  [1m[36mComment Create (0.2ms)[0m  [1m[32mINSERT INTO "comments" ("content", "created_at", "updated_at", "user_id", "article_id") VALUES (?, ?, ?, ?, ?)[0m  [["content", "Do you wish me a good morning, or mean that it is a good morning whether I want it or not; or that you feel good this morning; or that it is a morning to be good on?"], ["created_at", "2018-10-24 14:58:56.945180"], ["updated_at", "2018-10-24 14:58:56.945180"], ["user_id", 4], ["article_id", 2]]
  ↳ db/seeds.rb:24
  [1m[35m (18.2ms)[0m  [1m[36mcommit transaction[0m
  ↳ db/seeds.rb:24
  [1m[35m (0.1ms)[0m  [1m[36mbegin transaction[0m
  ↳ db/seeds.rb:24
  [1m[36mUser Load (0.1ms)[0m  [1m[34mSELECT  "users".* FROM "users" WHERE "users"."id" = ? LIMIT ?[0m  [["id", 4], ["LIMIT", 1]]
  ↳ db/seeds.rb:24
  [1m[36mArticle Load (0.1ms)[0m  [1m[34mSELECT  "articles".* FROM "articles" WHERE "articles"."id" = ? LIMIT ?[0m  [["id", 2], ["LIMIT", 1]]
  ↳ db/seeds.rb:24
  [1m[36mComment Create (0.4ms)[0m  [1m[32mINSERT INTO "comments" ("content", "created_at", "updated_at", "user_id", "article_id") VALUES (?, ?, ?, ?, ?)[0m  [["content", "'You have nice manners for a thief and a liar,' said the dragon."], ["created_at", "2018-10-24 14:58:56.967554"], ["updated_at", "2018-10-24 14:58:56.967554"], ["user_id", 4], ["article_id", 2]]
  ↳ db/seeds.rb:24
  [1m[35m (2.1ms)[0m  [1m[36mcommit transaction[0m
  ↳ db/seeds.rb:24
  [1m[35m (0.1ms)[0m  [1m[36mbegin transaction[0m
  ↳ db/seeds.rb:24
  [1m[36mUser Load (0.1ms)[0m  [1m[34mSELECT  "users".* FROM "users" WHERE "users"."id" = ? LIMIT ?[0m  [["id", 4], ["LIMIT", 1]]
  ↳ db/seeds.rb:24
  [1m[36mArticle Load (0.1ms)[0m  [1m[34mSELECT  "articles".* FROM "articles" WHERE "articles"."id" = ? LIMIT ?[0m  [["id", 2], ["LIMIT", 1]]
  ↳ db/seeds.rb:24
  [1m[36mComment Create (0.4ms)[0m  [1m[32mINSERT INTO "comments" ("content", "created_at", "updated_at", "user_id", "article_id") VALUES (?, ?, ?, ?, ?)[0m  [["content", "In a hole in the ground there lived a hobbit."], ["created_at", "2018-10-24 14:58:56.974492"], ["updated_at", "2018-10-24 14:58:56.974492"], ["user_id", 4], ["article_id", 2]]
  ↳ db/seeds.rb:24
  [1m[35m (12.8ms)[0m  [1m[36mcommit transaction[0m
  ↳ db/seeds.rb:24
  [1m[35m (0.1ms)[0m  [1m[36mbegin transaction[0m
  ↳ db/seeds.rb:24
  [1m[36mUser Load (0.2ms)[0m  [1m[34mSELECT  "users".* FROM "users" WHERE "users"."id" = ? LIMIT ?[0m  [["id", 4], ["LIMIT", 1]]
  ↳ db/seeds.rb:24
  [1m[36mArticle Load (0.1ms)[0m  [1m[34mSELECT  "articles".* FROM "articles" WHERE "articles"."id" = ? LIMIT ?[0m  [["id", 2], ["LIMIT", 1]]
  ↳ db/seeds.rb:24
  [1m[36mComment Create (0.5ms)[0m  [1m[32mINSERT INTO "comments" ("content", "created_at", "updated_at", "user_id", "article_id") VALUES (?, ?, ?, ?, ?)[0m  [["content", "There is nothing like looking, if you want to find something. You certainly usually find something, if you look, but it is not always quite the something you were after."], ["created_at", "2018-10-24 14:58:56.993596"], ["updated_at", "2018-10-24 14:58:56.993596"], ["user_id", 4], ["article_id", 2]]
  ↳ db/seeds.rb:24
  [1m[35m (2.5ms)[0m  [1m[36mcommit transaction[0m
  ↳ db/seeds.rb:24
  [1m[35m (0.1ms)[0m  [1m[36mbegin transaction[0m
  ↳ db/seeds.rb:24
  [1m[36mUser Load (0.2ms)[0m  [1m[34mSELECT  "users".* FROM "users" WHERE "users"."id" = ? LIMIT ?[0m  [["id", 4], ["LIMIT", 1]]
  ↳ db/seeds.rb:24
  [1m[36mArticle Load (0.2ms)[0m  [1m[34mSELECT  "articles".* FROM "articles" WHERE "articles"."id" = ? LIMIT ?[0m  [["id", 2], ["LIMIT", 1]]
  ↳ db/seeds.rb:24
  [1m[36mComment Create (0.5ms)[0m  [1m[32mINSERT INTO "comments" ("content", "created_at", "updated_at", "user_id", "article_id") VALUES (?, ?, ?, ?, ?)[0m  [["content", "Where did you go to, if I may ask?' said Thorin to Gandalf as they rode along.  To look ahead,' said he.  And what brought you back in the nick of time?' Looking behind,' said he."], ["created_at", "2018-10-24 14:58:57.003436"], ["updated_at", "2018-10-24 14:58:57.003436"], ["user_id", 4], ["article_id", 2]]
  ↳ db/seeds.rb:24
  [1m[35m (22.1ms)[0m  [1m[36mcommit transaction[0m
  ↳ db/seeds.rb:24
  [1m[35m (0.1ms)[0m  [1m[36mbegin transaction[0m
  ↳ db/seeds.rb:24
  [1m[36mUser Load (0.2ms)[0m  [1m[34mSELECT  "users".* FROM "users" WHERE "users"."id" = ? LIMIT ?[0m  [["id", 4], ["LIMIT", 1]]
  ↳ db/seeds.rb:24
  [1m[36mArticle Load (0.1ms)[0m  [1m[34mSELECT  "articles".* FROM "articles" WHERE "articles"."id" = ? LIMIT ?[0m  [["id", 2], ["LIMIT", 1]]
  ↳ db/seeds.rb:24
  [1m[36mComment Create (0.5ms)[0m  [1m[32mINSERT INTO "comments" ("content", "created_at", "updated_at", "user_id", "article_id") VALUES (?, ?, ?, ?, ?)[0m  [["content", "Where there's life there's hope."], ["created_at", "2018-10-24 14:58:57.032590"], ["updated_at", "2018-10-24 14:58:57.032590"], ["user_id", 4], ["article_id", 2]]
  ↳ db/seeds.rb:24
  [1m[35m (2.4ms)[0m  [1m[36mcommit transaction[0m
  ↳ db/seeds.rb:24
  [1m[35m (0.1ms)[0m  [1m[36mbegin transaction[0m
  ↳ db/seeds.rb:24
  [1m[36mUser Load (0.2ms)[0m  [1m[34mSELECT  "users".* FROM "users" WHERE "users"."id" = ? LIMIT ?[0m  [["id", 4], ["LIMIT", 1]]
  ↳ db/seeds.rb:24
  [1m[36mArticle Load (0.1ms)[0m  [1m[34mSELECT  "articles".* FROM "articles" WHERE "articles"."id" = ? LIMIT ?[0m  [["id", 2], ["LIMIT", 1]]
  ↳ db/seeds.rb:24
  [1m[36mComment Create (0.6ms)[0m  [1m[32mINSERT INTO "comments" ("content", "created_at", "updated_at", "user_id", "article_id") VALUES (?, ?, ?, ?, ?)[0m  [["content", "Where did you go to, if I may ask?' said Thorin to Gandalf as they rode along.  To look ahead,' said he.  And what brought you back in the nick of time?' Looking behind,' said he."], ["created_at", "2018-10-24 14:58:57.042101"], ["updated_at", "2018-10-24 14:58:57.042101"], ["user_id", 4], ["article_id", 2]]
  ↳ db/seeds.rb:24
  [1m[35m (12.6ms)[0m  [1m[36mcommit transaction[0m
  ↳ db/seeds.rb:24
  [1m[35m (0.1ms)[0m  [1m[36mbegin transaction[0m
  ↳ db/seeds.rb:24
  [1m[36mUser Load (0.2ms)[0m  [1m[34mSELECT  "users".* FROM "users" WHERE "users"."id" = ? LIMIT ?[0m  [["id", 4], ["LIMIT", 1]]
  ↳ db/seeds.rb:24
  [1m[36mArticle Load (0.1ms)[0m  [1m[34mSELECT  "articles".* FROM "articles" WHERE "articles"."id" = ? LIMIT ?[0m  [["id", 2], ["LIMIT", 1]]
  ↳ db/seeds.rb:24
  [1m[36mComment Create (0.4ms)[0m  [1m[32mINSERT INTO "comments" ("content", "created_at", "updated_at", "user_id", "article_id") VALUES (?, ?, ?, ?, ?)[0m  [["content", "So comes snow after fire, and even dragons have their endings."], ["created_at", "2018-10-24 14:58:57.061483"], ["updated_at", "2018-10-24 14:58:57.061483"], ["user_id", 4], ["article_id", 2]]
  ↳ db/seeds.rb:24
  [1m[35m (7.0ms)[0m  [1m[36mcommit transaction[0m
  ↳ db/seeds.rb:24
  [1m[35m (0.1ms)[0m  [1m[36mbegin transaction[0m
  ↳ db/seeds.rb:24
  [1m[36mUser Load (0.2ms)[0m  [1m[34mSELECT  "users".* FROM "users" WHERE "users"."id" = ? LIMIT ?[0m  [["id", 4], ["LIMIT", 1]]
  ↳ db/seeds.rb:24
  [1m[36mArticle Load (0.1ms)[0m  [1m[34mSELECT  "articles".* FROM "articles" WHERE "articles"."id" = ? LIMIT ?[0m  [["id", 2], ["LIMIT", 1]]
  ↳ db/seeds.rb:24
  [1m[36mComment Create (0.5ms)[0m  [1m[32mINSERT INTO "comments" ("content", "created_at", "updated_at", "user_id", "article_id") VALUES (?, ?, ?, ?, ?)[0m  [["content", "'You have nice manners for a thief and a liar,' said the dragon."], ["created_at", "2018-10-24 14:58:57.075021"], ["updated_at", "2018-10-24 14:58:57.075021"], ["user_id", 4], ["article_id", 2]]
  ↳ db/seeds.rb:24
  [1m[35m (1.9ms)[0m  [1m[36mcommit transaction[0m
  ↳ db/seeds.rb:24
  [1m[35m (0.1ms)[0m  [1m[36mbegin transaction[0m
  ↳ db/seeds.rb:24
  [1m[36mUser Load (0.1ms)[0m  [1m[34mSELECT  "users".* FROM "users" WHERE "users"."id" = ? LIMIT ?[0m  [["id", 4], ["LIMIT", 1]]
  ↳ db/seeds.rb:24
  [1m[36mArticle Load (0.1ms)[0m  [1m[34mSELECT  "articles".* FROM "articles" WHERE "articles"."id" = ? LIMIT ?[0m  [["id", 2], ["LIMIT", 1]]
  ↳ db/seeds.rb:24
  [1m[36mComment Create (0.3ms)[0m  [1m[32mINSERT INTO "comments" ("content", "created_at", "updated_at", "user_id", "article_id") VALUES (?, ?, ?, ?, ?)[0m  [["content", "May the hair on your toes never fall out!"], ["created_at", "2018-10-24 14:58:57.081738"], ["updated_at", "2018-10-24 14:58:57.081738"], ["user_id", 4], ["article_id", 2]]
  ↳ db/seeds.rb:24
  [1m[35m (16.9ms)[0m  [1m[36mcommit transaction[0m
  ↳ db/seeds.rb:24
  [1m[35m (0.1ms)[0m  [1m[36mbegin transaction[0m
  ↳ db/seeds.rb:24
  [1m[36mUser Load (0.1ms)[0m  [1m[34mSELECT  "users".* FROM "users" WHERE "users"."id" = ? LIMIT ?[0m  [["id", 4], ["LIMIT", 1]]
  ↳ db/seeds.rb:24
  [1m[36mArticle Load (0.1ms)[0m  [1m[34mSELECT  "articles".* FROM "articles" WHERE "articles"."id" = ? LIMIT ?[0m  [["id", 2], ["LIMIT", 1]]
  ↳ db/seeds.rb:24
  [1m[36mComment Create (0.3ms)[0m  [1m[32mINSERT INTO "comments" ("content", "created_at", "updated_at", "user_id", "article_id") VALUES (?, ?, ?, ?, ?)[0m  [["content", "Never laugh at live dragons, Bilbo you fool!"], ["created_at", "2018-10-24 14:58:57.102397"], ["updated_at", "2018-10-24 14:58:57.102397"], ["user_id", 4], ["article_id", 2]]
  ↳ db/seeds.rb:24
  [1m[35m (1.5ms)[0m  [1m[36mcommit transaction[0m
  ↳ db/seeds.rb:24
  [1m[35m (0.0ms)[0m  [1m[36mbegin transaction[0m
  ↳ db/seeds.rb:24
  [1m[36mUser Load (0.1ms)[0m  [1m[34mSELECT  "users".* FROM "users" WHERE "users"."id" = ? LIMIT ?[0m  [["id", 4], ["LIMIT", 1]]
  ↳ db/seeds.rb:24
  [1m[36mArticle Load (0.1ms)[0m  [1m[34mSELECT  "articles".* FROM "articles" WHERE "articles"."id" = ? LIMIT ?[0m  [["id", 2], ["LIMIT", 1]]
  ↳ db/seeds.rb:24
  [1m[36mComment Create (0.3ms)[0m  [1m[32mINSERT INTO "comments" ("content", "created_at", "updated_at", "user_id", "article_id") VALUES (?, ?, ?, ?, ?)[0m  [["content", "So comes snow after fire, and even dragons have their endings."], ["created_at", "2018-10-24 14:58:57.107376"], ["updated_at", "2018-10-24 14:58:57.107376"], ["user_id", 4], ["article_id", 2]]
  ↳ db/seeds.rb:24
  [1m[35m (17.4ms)[0m  [1m[36mcommit transaction[0m
  ↳ db/seeds.rb:24
  [1m[35m (0.1ms)[0m  [1m[36mbegin transaction[0m
  ↳ db/seeds.rb:24
  [1m[36mUser Load (0.2ms)[0m  [1m[34mSELECT  "users".* FROM "users" WHERE "users"."id" = ? LIMIT ?[0m  [["id", 4], ["LIMIT", 1]]
  ↳ db/seeds.rb:24
  [1m[36mArticle Load (0.1ms)[0m  [1m[34mSELECT  "articles".* FROM "articles" WHERE "articles"."id" = ? LIMIT ?[0m  [["id", 2], ["LIMIT", 1]]
  ↳ db/seeds.rb:24
  [1m[36mComment Create (0.5ms)[0m  [1m[32mINSERT INTO "comments" ("content", "created_at", "updated_at", "user_id", "article_id") VALUES (?, ?, ?, ?, ?)[0m  [["content", "Where there's life there's hope."], ["created_at", "2018-10-24 14:58:57.130871"], ["updated_at", "2018-10-24 14:58:57.130871"], ["user_id", 4], ["article_id", 2]]
  ↳ db/seeds.rb:24
  [1m[35m (7.3ms)[0m  [1m[36mcommit transaction[0m
  ↳ db/seeds.rb:24
  [1m[35m (0.1ms)[0m  [1m[34mSELECT "schema_migrations"."version" FROM "schema_migrations" ORDER BY "schema_migrations"."version" ASC[0m
  ↳ bin/rails:9
Migrating to CreateLikes (20181024150027)
  [1m[35m (0.0ms)[0m  [1m[36mbegin transaction[0m
  ↳ bin/rails:9
  [1m[35m (0.1ms)[0m  [1m[34mSELECT sqlite_version(*)[0m
  ↳ db/migrate/20181024150027_create_likes.rb:3
  [1m[35m (0.2ms)[0m  [1m[35mCREATE TABLE "likes" ("id" integer PRIMARY KEY AUTOINCREMENT NOT NULL, "created_at" datetime NOT NULL, "updated_at" datetime NOT NULL)[0m
  ↳ db/migrate/20181024150027_create_likes.rb:3
  [1m[36mActiveRecord::SchemaMigration Create (0.2ms)[0m  [1m[32mINSERT INTO "schema_migrations" ("version") VALUES (?)[0m  [["version", "20181024150027"]]
  ↳ bin/rails:9
  [1m[35m (8.1ms)[0m  [1m[36mcommit transaction[0m
  ↳ bin/rails:9
  [1m[36mActiveRecord::InternalMetadata Load (0.1ms)[0m  [1m[34mSELECT  "ar_internal_metadata".* FROM "ar_internal_metadata" WHERE "ar_internal_metadata"."key" = ? LIMIT ?[0m  [["key", "environment"], ["LIMIT", 1]]
  ↳ bin/rails:9
  [1m[35m (0.0ms)[0m  [1m[36mbegin transaction[0m
  ↳ bin/rails:9
  [1m[35m (0.0ms)[0m  [1m[36mcommit transaction[0m
  ↳ bin/rails:9
  [1m[35m (0.1ms)[0m  [1m[34mSELECT "schema_migrations"."version" FROM "schema_migrations" ORDER BY "schema_migrations"."version" ASC[0m
  ↳ bin/rails:9
  [1m[35m (0.1ms)[0m  [1m[34mSELECT "schema_migrations"."version" FROM "schema_migrations" ORDER BY "schema_migrations"."version" ASC[0m
  ↳ bin/rails:9
Migrating to AddIndexToLike (20181024150119)
  [1m[35m (0.0ms)[0m  [1m[36mbegin transaction[0m
  ↳ bin/rails:9
  [1m[35m (0.2ms)[0m  [1m[35mALTER TABLE "likes" ADD "user_id" integer[0m
  ↳ db/migrate/20181024150119_add_index_to_like.rb:3
  [1m[35m (0.0ms)[0m  [1m[34mSELECT sqlite_version(*)[0m
  ↳ db/migrate/20181024150119_add_index_to_like.rb:3
  [1m[35m (0.1ms)[0m  [1m[35mCREATE  INDEX "index_likes_on_user_id" ON "likes" ("user_id")[0m
  ↳ db/migrate/20181024150119_add_index_to_like.rb:3
  [1m[35m (0.1ms)[0m  [1m[35mALTER TABLE "likes" ADD "article_id" integer[0m
  ↳ db/migrate/20181024150119_add_index_to_like.rb:4
  [1m[35m (0.1ms)[0m  [1m[35mCREATE  INDEX "index_likes_on_article_id" ON "likes" ("article_id")[0m
  ↳ db/migrate/20181024150119_add_index_to_like.rb:4
  [1m[36mActiveRecord::SchemaMigration Create (0.1ms)[0m  [1m[32mINSERT INTO "schema_migrations" ("version") VALUES (?)[0m  [["version", "20181024150119"]]
  ↳ bin/rails:9
  [1m[35m (3.5ms)[0m  [1m[36mcommit transaction[0m
  ↳ bin/rails:9
  [1m[36mActiveRecord::InternalMetadata Load (0.2ms)[0m  [1m[34mSELECT  "ar_internal_metadata".* FROM "ar_internal_metadata" WHERE "ar_internal_metadata"."key" = ? LIMIT ?[0m  [["key", "environment"], ["LIMIT", 1]]
  ↳ bin/rails:9
  [1m[35m (0.0ms)[0m  [1m[36mbegin transaction[0m
  ↳ bin/rails:9
  [1m[35m (0.0ms)[0m  [1m[36mcommit transaction[0m
  ↳ bin/rails:9
  [1m[35m (0.1ms)[0m  [1m[34mSELECT "schema_migrations"."version" FROM "schema_migrations" ORDER BY "schema_migrations"."version" ASC[0m
  ↳ bin/rails:9
  [1m[35m (0.1ms)[0m  [1m[34mSELECT "schema_migrations"."version" FROM "schema_migrations" ORDER BY "schema_migrations"."version" ASC[0m
  ↳ bin/rails:9
  [1m[35m (0.0ms)[0m  [1m[36mbegin transaction[0m
  ↳ db/seeds.rb:28
  [1m[36mUser Load (0.1ms)[0m  [1m[34mSELECT  "users".* FROM "users" WHERE "users"."id" = ? LIMIT ?[0m  [["id", 0], ["LIMIT", 1]]
  ↳ db/seeds.rb:28
  [1m[36mArticle Load (0.1ms)[0m  [1m[34mSELECT  "articles".* FROM "articles" WHERE "articles"."id" = ? LIMIT ?[0m  [["id", 0], ["LIMIT", 1]]
  ↳ db/seeds.rb:28
  [1m[35m (0.0ms)[0m  [1m[31mrollback transaction[0m
  ↳ db/seeds.rb:28
  [1m[35m (0.1ms)[0m  [1m[34mSELECT "schema_migrations"."version" FROM "schema_migrations" ORDER BY "schema_migrations"."version" ASC[0m
  ↳ bin/rails:9
  [1m[35m (0.0ms)[0m  [1m[36mbegin transaction[0m
  ↳ db/seeds.rb:28
  [1m[36mUser Load (0.1ms)[0m  [1m[34mSELECT  "users".* FROM "users" WHERE "users"."id" = ? LIMIT ?[0m  [["id", 3], ["LIMIT", 1]]
  ↳ db/seeds.rb:28
  [1m[36mArticle Load (0.1ms)[0m  [1m[34mSELECT  "articles".* FROM "articles" WHERE "articles"."id" = ? LIMIT ?[0m  [["id", 0], ["LIMIT", 1]]
  ↳ db/seeds.rb:28
  [1m[35m (0.1ms)[0m  [1m[31mrollback transaction[0m
  ↳ db/seeds.rb:28
  [1m[35m (0.1ms)[0m  [1m[34mSELECT "schema_migrations"."version" FROM "schema_migrations" ORDER BY "schema_migrations"."version" ASC[0m
  ↳ bin/rails:9
  [1m[35m (0.0ms)[0m  [1m[36mbegin transaction[0m
  ↳ db/seeds.rb:28
  [1m[36mUser Load (0.1ms)[0m  [1m[34mSELECT  "users".* FROM "users" WHERE "users"."id" = ? LIMIT ?[0m  [["id", 3], ["LIMIT", 1]]
  ↳ db/seeds.rb:28
  [1m[36mArticle Load (0.1ms)[0m  [1m[34mSELECT  "articles".* FROM "articles" WHERE "articles"."id" = ? LIMIT ?[0m  [["id", 0], ["LIMIT", 1]]
  ↳ db/seeds.rb:28
  [1m[35m (0.1ms)[0m  [1m[31mrollback transaction[0m
  ↳ db/seeds.rb:28
  [1m[35m (0.1ms)[0m  [1m[34mSELECT "schema_migrations"."version" FROM "schema_migrations" ORDER BY "schema_migrations"."version" ASC[0m
  ↳ bin/rails:9
  [1m[35m (0.0ms)[0m  [1m[36mbegin transaction[0m
  ↳ db/seeds.rb:28
  [1m[36mUser Load (0.1ms)[0m  [1m[34mSELECT  "users".* FROM "users" WHERE "users"."id" = ? LIMIT ?[0m  [["id", 3], ["LIMIT", 1]]
  ↳ db/seeds.rb:28
  [1m[36mArticle Load (0.1ms)[0m  [1m[34mSELECT  "articles".* FROM "articles" WHERE "articles"."id" = ? LIMIT ?[0m  [["id", 5], ["LIMIT", 1]]
  ↳ db/seeds.rb:28
  [1m[36mLike Create (0.2ms)[0m  [1m[32mINSERT INTO "likes" ("created_at", "updated_at", "user_id", "article_id") VALUES (?, ?, ?, ?)[0m  [["created_at", "2018-10-24 15:09:53.456510"], ["updated_at", "2018-10-24 15:09:53.456510"], ["user_id", 3], ["article_id", 5]]
  ↳ db/seeds.rb:28
  [1m[35m (1.5ms)[0m  [1m[36mcommit transaction[0m
  ↳ db/seeds.rb:28
  [1m[35m (0.0ms)[0m  [1m[36mbegin transaction[0m
  ↳ db/seeds.rb:28
  [1m[36mUser Load (0.1ms)[0m  [1m[34mSELECT  "users".* FROM "users" WHERE "users"."id" = ? LIMIT ?[0m  [["id", 3], ["LIMIT", 1]]
  ↳ db/seeds.rb:28
  [1m[36mArticle Load (0.0ms)[0m  [1m[34mSELECT  "articles".* FROM "articles" WHERE "articles"."id" = ? LIMIT ?[0m  [["id", 5], ["LIMIT", 1]]
  ↳ db/seeds.rb:28
  [1m[36mLike Create (0.1ms)[0m  [1m[32mINSERT INTO "likes" ("created_at", "updated_at", "user_id", "article_id") VALUES (?, ?, ?, ?)[0m  [["created_at", "2018-10-24 15:09:53.460549"], ["updated_at", "2018-10-24 15:09:53.460549"], ["user_id", 3], ["article_id", 5]]
  ↳ db/seeds.rb:28
  [1m[35m (18.0ms)[0m  [1m[36mcommit transaction[0m
  ↳ db/seeds.rb:28
  [1m[35m (0.1ms)[0m  [1m[36mbegin transaction[0m
  ↳ db/seeds.rb:28
  [1m[36mUser Load (0.2ms)[0m  [1m[34mSELECT  "users".* FROM "users" WHERE "users"."id" = ? LIMIT ?[0m  [["id", 3], ["LIMIT", 1]]
  ↳ db/seeds.rb:28
  [1m[36mArticle Load (0.1ms)[0m  [1m[34mSELECT  "articles".* FROM "articles" WHERE "articles"."id" = ? LIMIT ?[0m  [["id", 5], ["LIMIT", 1]]
  ↳ db/seeds.rb:28
  [1m[36mLike Create (0.1ms)[0m  [1m[32mINSERT INTO "likes" ("created_at", "updated_at", "user_id", "article_id") VALUES (?, ?, ?, ?)[0m  [["created_at", "2018-10-24 15:09:53.484087"], ["updated_at", "2018-10-24 15:09:53.484087"], ["user_id", 3], ["article_id", 5]]
  ↳ db/seeds.rb:28
  [1m[35m (7.1ms)[0m  [1m[36mcommit transaction[0m
  ↳ db/seeds.rb:28
  [1m[35m (0.0ms)[0m  [1m[36mbegin transaction[0m
  ↳ db/seeds.rb:28
  [1m[36mUser Load (0.1ms)[0m  [1m[34mSELECT  "users".* FROM "users" WHERE "users"."id" = ? LIMIT ?[0m  [["id", 3], ["LIMIT", 1]]
  ↳ db/seeds.rb:28
  [1m[36mArticle Load (0.0ms)[0m  [1m[34mSELECT  "articles".* FROM "articles" WHERE "articles"."id" = ? LIMIT ?[0m  [["id", 5], ["LIMIT", 1]]
  ↳ db/seeds.rb:28
  [1m[36mLike Create (0.1ms)[0m  [1m[32mINSERT INTO "likes" ("created_at", "updated_at", "user_id", "article_id") VALUES (?, ?, ?, ?)[0m  [["created_at", "2018-10-24 15:09:53.493665"], ["updated_at", "2018-10-24 15:09:53.493665"], ["user_id", 3], ["article_id", 5]]
  ↳ db/seeds.rb:28
  [1m[35m (6.8ms)[0m  [1m[36mcommit transaction[0m
  ↳ db/seeds.rb:28
  [1m[35m (0.0ms)[0m  [1m[36mbegin transaction[0m
  ↳ db/seeds.rb:28
  [1m[36mUser Load (0.1ms)[0m  [1m[34mSELECT  "users".* FROM "users" WHERE "users"."id" = ? LIMIT ?[0m  [["id", 3], ["LIMIT", 1]]
  ↳ db/seeds.rb:28
  [1m[36mArticle Load (0.0ms)[0m  [1m[34mSELECT  "articles".* FROM "articles" WHERE "articles"."id" = ? LIMIT ?[0m  [["id", 5], ["LIMIT", 1]]
  ↳ db/seeds.rb:28
  [1m[36mLike Create (0.1ms)[0m  [1m[32mINSERT INTO "likes" ("created_at", "updated_at", "user_id", "article_id") VALUES (?, ?, ?, ?)[0m  [["created_at", "2018-10-24 15:09:53.502465"], ["updated_at", "2018-10-24 15:09:53.502465"], ["user_id", 3], ["article_id", 5]]
  ↳ db/seeds.rb:28
  [1m[35m (12.7ms)[0m  [1m[36mcommit transaction[0m
  ↳ db/seeds.rb:28
  [1m[35m (0.1ms)[0m  [1m[36mbegin transaction[0m
  ↳ db/seeds.rb:28
  [1m[36mUser Load (0.2ms)[0m  [1m[34mSELECT  "users".* FROM "users" WHERE "users"."id" = ? LIMIT ?[0m  [["id", 3], ["LIMIT", 1]]
  ↳ db/seeds.rb:28
  [1m[36mArticle Load (0.1ms)[0m  [1m[34mSELECT  "articles".* FROM "articles" WHERE "articles"."id" = ? LIMIT ?[0m  [["id", 5], ["LIMIT", 1]]
  ↳ db/seeds.rb:28
  [1m[36mLike Create (0.4ms)[0m  [1m[32mINSERT INTO "likes" ("created_at", "updated_at", "user_id", "article_id") VALUES (?, ?, ?, ?)[0m  [["created_at", "2018-10-24 15:09:53.520221"], ["updated_at", "2018-10-24 15:09:53.520221"], ["user_id", 3], ["article_id", 5]]
  ↳ db/seeds.rb:28
  [1m[35m (2.2ms)[0m  [1m[36mcommit transaction[0m
  ↳ db/seeds.rb:28
  [1m[35m (0.1ms)[0m  [1m[36mbegin transaction[0m
  ↳ db/seeds.rb:28
  [1m[36mUser Load (0.2ms)[0m  [1m[34mSELECT  "users".* FROM "users" WHERE "users"."id" = ? LIMIT ?[0m  [["id", 3], ["LIMIT", 1]]
  ↳ db/seeds.rb:28
  [1m[36mArticle Load (0.1ms)[0m  [1m[34mSELECT  "articles".* FROM "articles" WHERE "articles"."id" = ? LIMIT ?[0m  [["id", 5], ["LIMIT", 1]]
  ↳ db/seeds.rb:28
  [1m[36mLike Create (0.4ms)[0m  [1m[32mINSERT INTO "likes" ("created_at", "updated_at", "user_id", "article_id") VALUES (?, ?, ?, ?)[0m  [["created_at", "2018-10-24 15:09:53.528765"], ["updated_at", "2018-10-24 15:09:53.528765"], ["user_id", 3], ["article_id", 5]]
  ↳ db/seeds.rb:28
  [1m[35m (23.2ms)[0m  [1m[36mcommit transaction[0m
  ↳ db/seeds.rb:28
  [1m[35m (0.1ms)[0m  [1m[36mbegin transaction[0m
  ↳ db/seeds.rb:28
  [1m[36mUser Load (0.2ms)[0m  [1m[34mSELECT  "users".* FROM "users" WHERE "users"."id" = ? LIMIT ?[0m  [["id", 3], ["LIMIT", 1]]
  ↳ db/seeds.rb:28
  [1m[36mArticle Load (0.1ms)[0m  [1m[34mSELECT  "articles".* FROM "articles" WHERE "articles"."id" = ? LIMIT ?[0m  [["id", 5], ["LIMIT", 1]]
  ↳ db/seeds.rb:28
  [1m[36mLike Create (0.6ms)[0m  [1m[32mINSERT INTO "likes" ("created_at", "updated_at", "user_id", "article_id") VALUES (?, ?, ?, ?)[0m  [["created_at", "2018-10-24 15:09:53.558763"], ["updated_at", "2018-10-24 15:09:53.558763"], ["user_id", 3], ["article_id", 5]]
  ↳ db/seeds.rb:28
  [1m[35m (2.0ms)[0m  [1m[36mcommit transaction[0m
  ↳ db/seeds.rb:28
  [1m[35m (0.1ms)[0m  [1m[36mbegin transaction[0m
  ↳ db/seeds.rb:28
  [1m[36mUser Load (0.2ms)[0m  [1m[34mSELECT  "users".* FROM "users" WHERE "users"."id" = ? LIMIT ?[0m  [["id", 3], ["LIMIT", 1]]
  ↳ db/seeds.rb:28
  [1m[36mArticle Load (0.2ms)[0m  [1m[34mSELECT  "articles".* FROM "articles" WHERE "articles"."id" = ? LIMIT ?[0m  [["id", 5], ["LIMIT", 1]]
  ↳ db/seeds.rb:28
  [1m[36mLike Create (0.5ms)[0m  [1m[32mINSERT INTO "likes" ("created_at", "updated_at", "user_id", "article_id") VALUES (?, ?, ?, ?)[0m  [["created_at", "2018-10-24 15:09:53.568700"], ["updated_at", "2018-10-24 15:09:53.568700"], ["user_id", 3], ["article_id", 5]]
  ↳ db/seeds.rb:28
  [1m[35m (22.5ms)[0m  [1m[36mcommit transaction[0m
  ↳ db/seeds.rb:28
  [1m[35m (0.1ms)[0m  [1m[36mbegin transaction[0m
  ↳ db/seeds.rb:28
  [1m[36mUser Load (0.2ms)[0m  [1m[34mSELECT  "users".* FROM "users" WHERE "users"."id" = ? LIMIT ?[0m  [["id", 3], ["LIMIT", 1]]
  ↳ db/seeds.rb:28
  [1m[36mArticle Load (0.1ms)[0m  [1m[34mSELECT  "articles".* FROM "articles" WHERE "articles"."id" = ? LIMIT ?[0m  [["id", 5], ["LIMIT", 1]]
  ↳ db/seeds.rb:28
  [1m[36mLike Create (0.5ms)[0m  [1m[32mINSERT INTO "likes" ("created_at", "updated_at", "user_id", "article_id") VALUES (?, ?, ?, ?)[0m  [["created_at", "2018-10-24 15:09:53.598007"], ["updated_at", "2018-10-24 15:09:53.598007"], ["user_id", 3], ["article_id", 5]]
  ↳ db/seeds.rb:28
  [1m[35m (2.1ms)[0m  [1m[36mcommit transaction[0m
  ↳ db/seeds.rb:28
  [1m[35m (0.1ms)[0m  [1m[36mbegin transaction[0m
  ↳ db/seeds.rb:28
  [1m[36mUser Load (0.2ms)[0m  [1m[34mSELECT  "users".* FROM "users" WHERE "users"."id" = ? LIMIT ?[0m  [["id", 3], ["LIMIT", 1]]
  ↳ db/seeds.rb:28
  [1m[36mArticle Load (0.1ms)[0m  [1m[34mSELECT  "articles".* FROM "articles" WHERE "articles"."id" = ? LIMIT ?[0m  [["id", 5], ["LIMIT", 1]]
  ↳ db/seeds.rb:28
  [1m[36mLike Create (0.4ms)[0m  [1m[32mINSERT INTO "likes" ("created_at", "updated_at", "user_id", "article_id") VALUES (?, ?, ?, ?)[0m  [["created_at", "2018-10-24 15:09:53.607041"], ["updated_at", "2018-10-24 15:09:53.607041"], ["user_id", 3], ["article_id", 5]]
  ↳ db/seeds.rb:28
  [1m[35m (12.7ms)[0m  [1m[36mcommit transaction[0m
  ↳ db/seeds.rb:28
  [1m[35m (0.1ms)[0m  [1m[36mbegin transaction[0m
  ↳ db/seeds.rb:28
  [1m[36mUser Load (0.2ms)[0m  [1m[34mSELECT  "users".* FROM "users" WHERE "users"."id" = ? LIMIT ?[0m  [["id", 3], ["LIMIT", 1]]
  ↳ db/seeds.rb:28
  [1m[36mArticle Load (0.1ms)[0m  [1m[34mSELECT  "articles".* FROM "articles" WHERE "articles"."id" = ? LIMIT ?[0m  [["id", 5], ["LIMIT", 1]]
  ↳ db/seeds.rb:28
  [1m[36mLike Create (0.4ms)[0m  [1m[32mINSERT INTO "likes" ("created_at", "updated_at", "user_id", "article_id") VALUES (?, ?, ?, ?)[0m  [["created_at", "2018-10-24 15:09:53.626211"], ["updated_at", "2018-10-24 15:09:53.626211"], ["user_id", 3], ["article_id", 5]]
  ↳ db/seeds.rb:28
  [1m[35m (7.9ms)[0m  [1m[36mcommit transaction[0m
  ↳ db/seeds.rb:28
  [1m[35m (0.1ms)[0m  [1m[36mbegin transaction[0m
  ↳ db/seeds.rb:28
  [1m[36mUser Load (0.2ms)[0m  [1m[34mSELECT  "users".* FROM "users" WHERE "users"."id" = ? LIMIT ?[0m  [["id", 3], ["LIMIT", 1]]
  ↳ db/seeds.rb:28
  [1m[36mArticle Load (0.1ms)[0m  [1m[34mSELECT  "articles".* FROM "articles" WHERE "articles"."id" = ? LIMIT ?[0m  [["id", 5], ["LIMIT", 1]]
  ↳ db/seeds.rb:28
  [1m[36mLike Create (0.4ms)[0m  [1m[32mINSERT INTO "likes" ("created_at", "updated_at", "user_id", "article_id") VALUES (?, ?, ?, ?)[0m  [["created_at", "2018-10-24 15:09:53.640776"], ["updated_at", "2018-10-24 15:09:53.640776"], ["user_id", 3], ["article_id", 5]]
  ↳ db/seeds.rb:28
  [1m[35m (12.7ms)[0m  [1m[36mcommit transaction[0m
  ↳ db/seeds.rb:28
  [1m[35m (0.1ms)[0m  [1m[36mbegin transaction[0m
  ↳ db/seeds.rb:28
  [1m[36mUser Load (0.2ms)[0m  [1m[34mSELECT  "users".* FROM "users" WHERE "users"."id" = ? LIMIT ?[0m  [["id", 3], ["LIMIT", 1]]
  ↳ db/seeds.rb:28
  [1m[36mArticle Load (0.1ms)[0m  [1m[34mSELECT  "articles".* FROM "articles" WHERE "articles"."id" = ? LIMIT ?[0m  [["id", 5], ["LIMIT", 1]]
  ↳ db/seeds.rb:28
  [1m[36mLike Create (0.6ms)[0m  [1m[32mINSERT INTO "likes" ("created_at", "updated_at", "user_id", "article_id") VALUES (?, ?, ?, ?)[0m  [["created_at", "2018-10-24 15:09:53.660355"], ["updated_at", "2018-10-24 15:09:53.660355"], ["user_id", 3], ["article_id", 5]]
  ↳ db/seeds.rb:28
  [1m[35m (7.2ms)[0m  [1m[36mcommit transaction[0m
  ↳ db/seeds.rb:28
